  [1m[35m (0.2ms)[0m  [1m[34mSELECT sqlite_version(*)[0m
  ↳ bin/rails:9
  [1m[35m (1.5ms)[0m  [1m[35mCREATE TABLE "schema_migrations" ("version" varchar NOT NULL PRIMARY KEY)[0m
  ↳ bin/rails:9
  [1m[35m (1.0ms)[0m  [1m[35mCREATE TABLE "ar_internal_metadata" ("key" varchar NOT NULL PRIMARY KEY, "value" varchar, "created_at" datetime NOT NULL, "updated_at" datetime NOT NULL)[0m
  ↳ bin/rails:9
  [1m[35m (0.1ms)[0m  [1m[34mSELECT "schema_migrations"."version" FROM "schema_migrations" ORDER BY "schema_migrations"."version" ASC[0m
  ↳ bin/rails:9
Migrating to CreateTweeets (20190610170054)
  [1m[35m (0.1ms)[0m  [1m[36mbegin transaction[0m
  ↳ bin/rails:9
  [1m[35m (0.4ms)[0m  [1m[35mCREATE TABLE "tweeets" ("id" integer PRIMARY KEY AUTOINCREMENT NOT NULL, "tweeet" text, "created_at" datetime NOT NULL, "updated_at" datetime NOT NULL)[0m
  ↳ db/migrate/20190610170054_create_tweeets.rb:3
  [1m[36mActiveRecord::SchemaMigration Create (0.5ms)[0m  [1m[32mINSERT INTO "schema_migrations" ("version") VALUES (?)[0m  [["version", "20190610170054"]]
  ↳ bin/rails:9
  [1m[35m (0.6ms)[0m  [1m[36mcommit transaction[0m
  ↳ bin/rails:9
  [1m[36mActiveRecord::InternalMetadata Load (0.2ms)[0m  [1m[34mSELECT  "ar_internal_metadata".* FROM "ar_internal_metadata" WHERE "ar_internal_metadata"."key" = ? LIMIT ?[0m  [["key", "environment"], ["LIMIT", 1]]
  ↳ bin/rails:9
  [1m[35m (0.1ms)[0m  [1m[36mbegin transaction[0m
  ↳ bin/rails:9
  [1m[36mActiveRecord::InternalMetadata Create (0.5ms)[0m  [1m[32mINSERT INTO "ar_internal_metadata" ("key", "value", "created_at", "updated_at") VALUES (?, ?, ?, ?)[0m  [["key", "environment"], ["value", "development"], ["created_at", "2019-06-10 17:02:25.178462"], ["updated_at", "2019-06-10 17:02:25.178462"]]
  ↳ bin/rails:9
  [1m[35m (0.8ms)[0m  [1m[36mcommit transaction[0m
  ↳ bin/rails:9
  [1m[35m (2.5ms)[0m  [1m[34mSELECT "schema_migrations"."version" FROM "schema_migrations" ORDER BY "schema_migrations"."version" ASC[0m
  ↳ bin/rails:9
Started GET "/" for ::1 at 2019-06-10 19:03:32 +0200
  [1m[35m (0.4ms)[0m  [1m[34mSELECT "schema_migrations"."version" FROM "schema_migrations" ORDER BY "schema_migrations"."version" ASC[0m
  ↳ /Users/Azzouza/.rbenv/versions/2.4.3/lib/ruby/gems/2.4.0/gems/activerecord-5.2.3/lib/active_record/log_subscriber.rb:98
  
ActionController::RoutingError (uninitialized constant TweetsController):
  
bootsnap (1.4.4) lib/bootsnap/load_path_cache/core_ext/active_support.rb:79:in `block in load_missing_constant'
bootsnap (1.4.4) lib/bootsnap/load_path_cache/core_ext/active_support.rb:8:in `without_bootsnap_cache'
bootsnap (1.4.4) lib/bootsnap/load_path_cache/core_ext/active_support.rb:79:in `rescue in load_missing_constant'
bootsnap (1.4.4) lib/bootsnap/load_path_cache/core_ext/active_support.rb:58:in `load_missing_constant'
activesupport (5.2.3) lib/active_support/inflector/methods.rb:283:in `const_get'
activesupport (5.2.3) lib/active_support/inflector/methods.rb:283:in `block in constantize'
activesupport (5.2.3) lib/active_support/inflector/methods.rb:281:in `each'
activesupport (5.2.3) lib/active_support/inflector/methods.rb:281:in `inject'
activesupport (5.2.3) lib/active_support/inflector/methods.rb:281:in `constantize'
actionpack (5.2.3) lib/action_dispatch/http/request.rb:88:in `controller_class_for'
actionpack (5.2.3) lib/action_dispatch/http/request.rb:81:in `controller_class'
actionpack (5.2.3) lib/action_dispatch/routing/route_set.rb:46:in `controller'
actionpack (5.2.3) lib/action_dispatch/routing/route_set.rb:32:in `serve'
actionpack (5.2.3) lib/action_dispatch/journey/router.rb:52:in `block in serve'
actionpack (5.2.3) lib/action_dispatch/journey/router.rb:35:in `each'
actionpack (5.2.3) lib/action_dispatch/journey/router.rb:35:in `serve'
actionpack (5.2.3) lib/action_dispatch/routing/route_set.rb:840:in `call'
rack (2.0.7) lib/rack/tempfile_reaper.rb:15:in `call'
rack (2.0.7) lib/rack/etag.rb:25:in `call'
rack (2.0.7) lib/rack/conditional_get.rb:25:in `call'
rack (2.0.7) lib/rack/head.rb:12:in `call'
actionpack (5.2.3) lib/action_dispatch/http/content_security_policy.rb:18:in `call'
rack (2.0.7) lib/rack/session/abstract/id.rb:232:in `context'
rack (2.0.7) lib/rack/session/abstract/id.rb:226:in `call'
actionpack (5.2.3) lib/action_dispatch/middleware/cookies.rb:670:in `call'
activerecord (5.2.3) lib/active_record/migration.rb:559:in `call'
actionpack (5.2.3) lib/action_dispatch/middleware/callbacks.rb:28:in `block in call'
activesupport (5.2.3) lib/active_support/callbacks.rb:98:in `run_callbacks'
actionpack (5.2.3) lib/action_dispatch/middleware/callbacks.rb:26:in `call'
actionpack (5.2.3) lib/action_dispatch/middleware/executor.rb:14:in `call'
actionpack (5.2.3) lib/action_dispatch/middleware/debug_exceptions.rb:61:in `call'
web-console (3.7.0) lib/web_console/middleware.rb:135:in `call_app'
web-console (3.7.0) lib/web_console/middleware.rb:30:in `block in call'
web-console (3.7.0) lib/web_console/middleware.rb:20:in `catch'
web-console (3.7.0) lib/web_console/middleware.rb:20:in `call'
actionpack (5.2.3) lib/action_dispatch/middleware/show_exceptions.rb:33:in `call'
railties (5.2.3) lib/rails/rack/logger.rb:38:in `call_app'
railties (5.2.3) lib/rails/rack/logger.rb:26:in `block in call'
activesupport (5.2.3) lib/active_support/tagged_logging.rb:71:in `block in tagged'
activesupport (5.2.3) lib/active_support/tagged_logging.rb:28:in `tagged'
activesupport (5.2.3) lib/active_support/tagged_logging.rb:71:in `tagged'
railties (5.2.3) lib/rails/rack/logger.rb:26:in `call'
sprockets-rails (3.2.1) lib/sprockets/rails/quiet_assets.rb:13:in `call'
actionpack (5.2.3) lib/action_dispatch/middleware/remote_ip.rb:81:in `call'
actionpack (5.2.3) lib/action_dispatch/middleware/request_id.rb:27:in `call'
rack (2.0.7) lib/rack/method_override.rb:22:in `call'
rack (2.0.7) lib/rack/runtime.rb:22:in `call'
activesupport (5.2.3) lib/active_support/cache/strategy/local_cache_middleware.rb:29:in `call'
actionpack (5.2.3) lib/action_dispatch/middleware/executor.rb:14:in `call'
actionpack (5.2.3) lib/action_dispatch/middleware/static.rb:127:in `call'
rack (2.0.7) lib/rack/sendfile.rb:111:in `call'
railties (5.2.3) lib/rails/engine.rb:524:in `call'
puma (3.12.1) lib/puma/configuration.rb:227:in `call'
puma (3.12.1) lib/puma/server.rb:660:in `handle_request'
puma (3.12.1) lib/puma/server.rb:474:in `process_client'
puma (3.12.1) lib/puma/server.rb:334:in `block in run'
puma (3.12.1) lib/puma/thread_pool.rb:135:in `block in spawn_thread'
Started GET "/" for ::1 at 2019-06-10 19:03:44 +0200
Processing by TweeetsController#index as HTML
  Rendering tweeets/index.html.erb within layouts/application
  [1m[36mTweeet Load (0.6ms)[0m  [1m[34mSELECT "tweeets".* FROM "tweeets"[0m
  ↳ app/views/tweeets/index.html.erb:14
  Rendered tweeets/index.html.erb within layouts/application (4.5ms)
Completed 200 OK in 879ms (Views: 864.0ms | ActiveRecord: 1.0ms)


Started GET "/tweeets/new" for ::1 at 2019-06-10 19:03:50 +0200
Processing by TweeetsController#new as HTML
  Rendering tweeets/new.html.erb within layouts/application
  Rendered tweeets/_form.html.erb (21.0ms)
  Rendered tweeets/new.html.erb within layouts/application (25.2ms)
Completed 200 OK in 74ms (Views: 53.2ms | ActiveRecord: 2.4ms)


Started POST "/tweeets" for ::1 at 2019-06-10 19:03:59 +0200
Processing by TweeetsController#create as HTML
  Parameters: {"utf8"=>"✓", "authenticity_token"=>"XL/dXPjefcVSh2kA8O8IGmej1qLA9EhddP1v7LWo1Ohb4fMs3iG+bLEG7CW63Ekep4zcEESQGC0FCSglR1R+ag==", "tweeet"=>{"tweeet"=>"Had a really fun day today"}, "commit"=>"Create Tweeet"}
  [1m[35m (0.2ms)[0m  [1m[36mbegin transaction[0m
  ↳ app/controllers/tweeets_controller.rb:30
  [1m[36mTweeet Create (1.6ms)[0m  [1m[32mINSERT INTO "tweeets" ("tweeet", "created_at", "updated_at") VALUES (?, ?, ?)[0m  [["tweeet", "Had a really fun day today"], ["created_at", "2019-06-10 17:03:59.918796"], ["updated_at", "2019-06-10 17:03:59.918796"]]
  ↳ app/controllers/tweeets_controller.rb:30
  [1m[35m (1.6ms)[0m  [1m[36mcommit transaction[0m
  ↳ app/controllers/tweeets_controller.rb:30
Redirected to http://localhost:3000/tweeets/1
Completed 302 Found in 14ms (ActiveRecord: 3.4ms)


Started GET "/tweeets/1" for ::1 at 2019-06-10 19:03:59 +0200
Processing by TweeetsController#show as HTML
  Parameters: {"id"=>"1"}
  [1m[36mTweeet Load (0.3ms)[0m  [1m[34mSELECT  "tweeets".* FROM "tweeets" WHERE "tweeets"."id" = ? LIMIT ?[0m  [["id", 1], ["LIMIT", 1]]
  ↳ app/controllers/tweeets_controller.rb:67
  Rendering tweeets/show.html.erb within layouts/application
  Rendered tweeets/show.html.erb within layouts/application (0.9ms)
Completed 200 OK in 45ms (Views: 35.0ms | ActiveRecord: 0.3ms)


Started GET "/tweeets" for ::1 at 2019-06-10 19:04:06 +0200
Processing by TweeetsController#index as HTML
  Rendering tweeets/index.html.erb within layouts/application
  [1m[36mTweeet Load (0.6ms)[0m  [1m[34mSELECT "tweeets".* FROM "tweeets"[0m
  ↳ app/views/tweeets/index.html.erb:14
  Rendered tweeets/index.html.erb within layouts/application (4.1ms)
Completed 200 OK in 44ms (Views: 36.6ms | ActiveRecord: 0.6ms)


Started GET "/tweeets" for ::1 at 2019-06-10 19:11:34 +0200
  [1m[35m (0.4ms)[0m  [1m[34mSELECT "schema_migrations"."version" FROM "schema_migrations" ORDER BY "schema_migrations"."version" ASC[0m
  ↳ /Users/Azzouza/.rbenv/versions/2.4.3/lib/ruby/gems/2.4.0/gems/activerecord-5.2.3/lib/active_record/log_subscriber.rb:98
Processing by TweeetsController#index as HTML
  Rendering tweeets/index.html.erb within layouts/application
  [1m[36mTweeet Load (0.5ms)[0m  [1m[34mSELECT "tweeets".* FROM "tweeets"[0m
  ↳ app/views/tweeets/index.html.erb:14
  Rendered tweeets/index.html.erb within layouts/application (9.9ms)
Completed 200 OK in 3938ms (Views: 3916.5ms | ActiveRecord: 1.0ms)


Started GET "/tweeets" for ::1 at 2019-06-10 19:27:51 +0200
  [1m[35m (0.4ms)[0m  [1m[34mSELECT "schema_migrations"."version" FROM "schema_migrations" ORDER BY "schema_migrations"."version" ASC[0m
  ↳ /Users/Azzouza/.rbenv/versions/2.4.3/lib/ruby/gems/2.4.0/gems/activerecord-5.2.3/lib/active_record/log_subscriber.rb:98
Processing by TweeetsController#index as HTML
  Rendering tweeets/index.html.erb within layouts/application
  [1m[36mTweeet Load (0.5ms)[0m  [1m[34mSELECT "tweeets".* FROM "tweeets"[0m
  ↳ app/views/tweeets/index.html.erb:14
  Rendered tweeets/index.html.erb within layouts/application (9.7ms)
Completed 200 OK in 294ms (Views: 278.2ms | ActiveRecord: 1.2ms)


Started GET "/tweeets" for ::1 at 2019-06-10 19:27:53 +0200
Processing by TweeetsController#index as HTML
  Rendering tweeets/index.html.erb within layouts/application
  [1m[36mTweeet Load (0.1ms)[0m  [1m[34mSELECT "tweeets".* FROM "tweeets"[0m
  ↳ app/views/tweeets/index.html.erb:14
  Rendered tweeets/index.html.erb within layouts/application (2.0ms)
Completed 200 OK in 49ms (Views: 45.5ms | ActiveRecord: 0.1ms)


Started GET "/tweeets" for ::1 at 2019-06-10 20:39:16 +0200
Processing by TweeetsController#index as HTML
  Rendering tweeets/index.html.erb within layouts/application
  [1m[36mTweeet Load (0.5ms)[0m  [1m[34mSELECT "tweeets".* FROM "tweeets"[0m
  ↳ app/views/tweeets/index.html.erb:14
  Rendered tweeets/index.html.erb within layouts/application (2.3ms)
Completed 500 Internal Server Error in 333ms (ActiveRecord: 0.5ms)



NameError - undefined local variable or method `rooth_path' for #<#<Class:0x00007fb23c3f0ae8>:0x00007fb2411684b0>
Did you mean?  root_path:
  app/views/layouts/application.html.erb:26:in `_app_views_layouts_application_html_erb__1656181873613934965_70201786335420'

Started POST "/__better_errors/7971afb30922fe19/variables" for ::1 at 2019-06-10 20:39:16 +0200
Started GET "/tweeets" for ::1 at 2019-06-10 20:39:26 +0200
Processing by TweeetsController#index as HTML
  Rendering tweeets/index.html.erb within layouts/application
  [1m[36mTweeet Load (0.1ms)[0m  [1m[34mSELECT "tweeets".* FROM "tweeets"[0m
  ↳ app/views/tweeets/index.html.erb:14
  Rendered tweeets/index.html.erb within layouts/application (1.8ms)
Completed 200 OK in 42ms (Views: 36.5ms | ActiveRecord: 0.1ms)


Started GET "/tweeets" for ::1 at 2019-06-10 20:43:31 +0200
  [1m[35m (0.4ms)[0m  [1m[34mSELECT "schema_migrations"."version" FROM "schema_migrations" ORDER BY "schema_migrations"."version" ASC[0m
  ↳ /Users/Azzouza/.rbenv/versions/2.4.3/lib/ruby/gems/2.4.0/gems/activerecord-5.2.3/lib/active_record/log_subscriber.rb:98
Processing by TweeetsController#index as HTML
  Rendering tweeets/index.html.erb within layouts/application
  [1m[36mTweeet Load (0.4ms)[0m  [1m[34mSELECT "tweeets".* FROM "tweeets"[0m
  ↳ app/views/tweeets/index.html.erb:14
  Rendered tweeets/index.html.erb within layouts/application (8.8ms)
Completed 200 OK in 2113ms (Views: 2100.2ms | ActiveRecord: 0.9ms)


Started GET "/tweeets" for ::1 at 2019-06-10 20:57:44 +0200
Processing by TweeetsController#index as HTML
  Rendering tweeets/index.html.erb within layouts/application
  [1m[36mTweeet Load (1.5ms)[0m  [1m[34mSELECT "tweeets".* FROM "tweeets" ORDER BY created_at DESC[0m
  ↳ app/views/tweeets/_feed.html.erb:14
  Rendered tweeets/_feed.html.erb (9.7ms)
  Rendered tweeets/index.html.erb within layouts/application (12.5ms)
Completed 200 OK in 72ms (Views: 60.1ms | ActiveRecord: 2.0ms)


Started GET "/tweeets" for ::1 at 2019-06-10 21:07:43 +0200
Processing by TweeetsController#index as HTML
  Rendering tweeets/index.html.erb within layouts/application
  [1m[36mTweeet Load (0.5ms)[0m  [1m[34mSELECT "tweeets".* FROM "tweeets" ORDER BY created_at DESC[0m
  ↳ app/views/tweeets/_feed.html.erb:14
  Rendered tweeets/_feed.html.erb (4.6ms)
  Rendered tweeets/index.html.erb within layouts/application (7.6ms)
Completed 200 OK in 67ms (Views: 62.6ms | ActiveRecord: 0.5ms)


Started GET "/tweeets/1" for ::1 at 2019-06-10 21:08:09 +0200
Processing by TweeetsController#show as HTML
  Parameters: {"id"=>"1"}
  [1m[36mTweeet Load (1.5ms)[0m  [1m[34mSELECT  "tweeets".* FROM "tweeets" WHERE "tweeets"."id" = ? LIMIT ?[0m  [["id", 1], ["LIMIT", 1]]
  ↳ app/controllers/tweeets_controller.rb:67
  Rendering tweeets/show.html.erb within layouts/application
  Rendered tweeets/show.html.erb within layouts/application (0.6ms)
Completed 200 OK in 68ms (Views: 46.9ms | ActiveRecord: 1.5ms)


Started GET "/tweeets" for ::1 at 2019-06-10 21:08:11 +0200
Processing by TweeetsController#index as HTML
  Rendering tweeets/index.html.erb within layouts/application
  [1m[36mTweeet Load (0.3ms)[0m  [1m[34mSELECT "tweeets".* FROM "tweeets" ORDER BY created_at DESC[0m
  ↳ app/views/tweeets/_feed.html.erb:14
  Rendered tweeets/_feed.html.erb (5.3ms)
  Rendered tweeets/index.html.erb within layouts/application (8.1ms)
Completed 200 OK in 83ms (Views: 77.6ms | ActiveRecord: 0.3ms)


Started GET "/tweeets/1/edit" for ::1 at 2019-06-10 21:08:12 +0200
Processing by TweeetsController#edit as HTML
  Parameters: {"id"=>"1"}
  [1m[36mTweeet Load (0.1ms)[0m  [1m[34mSELECT  "tweeets".* FROM "tweeets" WHERE "tweeets"."id" = ? LIMIT ?[0m  [["id", 1], ["LIMIT", 1]]
  ↳ app/controllers/tweeets_controller.rb:67
  Rendering tweeets/edit.html.erb within layouts/application
  Rendered tweeets/_form.html.erb (26.5ms)
  Rendered tweeets/edit.html.erb within layouts/application (29.6ms)
Completed 200 OK in 73ms (Views: 66.2ms | ActiveRecord: 0.1ms)


Started GET "/tweeets" for ::1 at 2019-06-10 21:08:14 +0200
Processing by TweeetsController#index as HTML
  Rendering tweeets/index.html.erb within layouts/application
  [1m[36mTweeet Load (0.4ms)[0m  [1m[34mSELECT "tweeets".* FROM "tweeets" ORDER BY created_at DESC[0m
  ↳ app/views/tweeets/_feed.html.erb:14
  Rendered tweeets/_feed.html.erb (5.2ms)
  Rendered tweeets/index.html.erb within layouts/application (12.8ms)
Completed 200 OK in 62ms (Views: 56.5ms | ActiveRecord: 0.4ms)


Started GET "/tweeets/new" for ::1 at 2019-06-10 21:08:22 +0200
Processing by TweeetsController#new as HTML
  Rendering tweeets/new.html.erb within layouts/application
  Rendered tweeets/_form.html.erb (4.1ms)
  Rendered tweeets/new.html.erb within layouts/application (8.3ms)
Completed 200 OK in 64ms (Views: 58.9ms | ActiveRecord: 0.0ms)


Started POST "/tweeets" for ::1 at 2019-06-10 21:08:28 +0200
Processing by TweeetsController#create as HTML
  Parameters: {"utf8"=>"✓", "authenticity_token"=>"VAW2aNUhQOLqWRR2oQw3AJfwWkSXD3JOp9FDfjRQrGNTW5gY896DSwnYkVPrP3YEV99Q9hNrIj7WJQS3xqwG4Q==", "tweeet"=>{"tweeet"=>"cool site"}, "commit"=>"Create Tweeet"}
  [1m[35m (0.1ms)[0m  [1m[36mbegin transaction[0m
  ↳ app/controllers/tweeets_controller.rb:30
  [1m[36mTweeet Create (2.9ms)[0m  [1m[32mINSERT INTO "tweeets" ("tweeet", "created_at", "updated_at") VALUES (?, ?, ?)[0m  [["tweeet", "cool site"], ["created_at", "2019-06-10 19:08:28.414538"], ["updated_at", "2019-06-10 19:08:28.414538"]]
  ↳ app/controllers/tweeets_controller.rb:30
  [1m[35m (1.4ms)[0m  [1m[36mcommit transaction[0m
  ↳ app/controllers/tweeets_controller.rb:30
Redirected to http://localhost:3000/tweeets/2
Completed 302 Found in 13ms (ActiveRecord: 4.4ms)


Started GET "/tweeets/2" for ::1 at 2019-06-10 21:08:28 +0200
Processing by TweeetsController#show as HTML
  Parameters: {"id"=>"2"}
  [1m[36mTweeet Load (0.3ms)[0m  [1m[34mSELECT  "tweeets".* FROM "tweeets" WHERE "tweeets"."id" = ? LIMIT ?[0m  [["id", 2], ["LIMIT", 1]]
  ↳ app/controllers/tweeets_controller.rb:67
  Rendering tweeets/show.html.erb within layouts/application
  Rendered tweeets/show.html.erb within layouts/application (1.0ms)
Completed 200 OK in 41ms (Views: 37.1ms | ActiveRecord: 0.3ms)


Started GET "/tweeets" for ::1 at 2019-06-10 21:08:29 +0200
Processing by TweeetsController#index as HTML
  Rendering tweeets/index.html.erb within layouts/application
  [1m[36mTweeet Load (0.1ms)[0m  [1m[34mSELECT "tweeets".* FROM "tweeets" ORDER BY created_at DESC[0m
  ↳ app/views/tweeets/_feed.html.erb:14
  Rendered tweeets/_feed.html.erb (2.4ms)
  Rendered tweeets/index.html.erb within layouts/application (5.5ms)
Completed 200 OK in 44ms (Views: 39.1ms | ActiveRecord: 0.1ms)


Started GET "/tweeets" for ::1 at 2019-06-10 21:17:01 +0200
Processing by TweeetsController#index as HTML
  Rendering tweeets/index.html.erb within layouts/application
  [1m[36mTweeet Load (0.5ms)[0m  [1m[34mSELECT "tweeets".* FROM "tweeets" ORDER BY created_at DESC[0m
  ↳ app/views/tweeets/_feed.html.erb:14
  Rendered tweeets/_feed.html.erb (3.0ms)
  Rendered tweeets/index.html.erb within layouts/application (31.3ms)
Completed 500 Internal Server Error in 43ms (ActiveRecord: 0.5ms)



ActionView::MissingTemplate - Missing partial tweeets/_who-to-follow, application/_who-to-follow with {:locale=>[:en], :formats=>[:html], :variants=>[], :handlers=>[:raw, :erb, :html, :builder, :ruby, :coffee, :jbuilder]}. Searched in:
  * "/Users/Azzouza/Documents/Practicemakesperfect/rubyonrails/twitter-clone/app/views"
  * "/Users/Azzouza/.rbenv/versions/2.4.3/lib/ruby/gems/2.4.0/gems/devise-4.6.2/app/views"
:
  app/views/tweeets/index.html.erb:5:in `_app_views_tweeets_index_html_erb___2202081754444033051_70278782255440'

Started POST "/__better_errors/c7c732e0109da5c1/variables" for ::1 at 2019-06-10 21:17:01 +0200
Started GET "/tweeets" for ::1 at 2019-06-10 21:17:20 +0200
Processing by TweeetsController#index as HTML
  Rendering tweeets/index.html.erb within layouts/application
  [1m[36mTweeet Load (0.3ms)[0m  [1m[34mSELECT "tweeets".* FROM "tweeets" ORDER BY created_at DESC[0m
  ↳ app/views/tweeets/_feed.html.erb:14
  Rendered tweeets/_feed.html.erb (3.0ms)
  Rendered tweeets/_who-to-follow.html.erb (0.3ms)
  Rendered tweeets/index.html.erb within layouts/application (7.4ms)
Completed 200 OK in 56ms (Views: 51.5ms | ActiveRecord: 0.3ms)


Started GET "/tweeets" for ::1 at 2019-06-10 21:19:42 +0200
Processing by TweeetsController#index as HTML
  Rendering tweeets/index.html.erb within layouts/application
  [1m[36mTweeet Load (0.2ms)[0m  [1m[34mSELECT "tweeets".* FROM "tweeets" ORDER BY created_at DESC[0m
  ↳ app/views/tweeets/_feed.html.erb:14
  Rendered tweeets/_feed.html.erb (2.0ms)
  Rendered tweeets/_who-to-follow.html.erb (0.3ms)
  Rendered tweeets/index.html.erb within layouts/application (7.2ms)
Completed 200 OK in 53ms (Views: 49.6ms | ActiveRecord: 0.2ms)


Started GET "/tweeets" for ::1 at 2019-06-10 21:19:43 +0200
Processing by TweeetsController#index as HTML
  Rendering tweeets/index.html.erb within layouts/application
  [1m[36mTweeet Load (0.1ms)[0m  [1m[34mSELECT "tweeets".* FROM "tweeets" ORDER BY created_at DESC[0m
  ↳ app/views/tweeets/_feed.html.erb:14
  Rendered tweeets/_feed.html.erb (1.7ms)
  Rendered tweeets/_who-to-follow.html.erb (0.3ms)
  Rendered tweeets/index.html.erb within layouts/application (5.5ms)
Completed 200 OK in 34ms (Views: 30.1ms | ActiveRecord: 0.1ms)


Started GET "/tweeets" for ::1 at 2019-06-10 21:20:16 +0200
Processing by TweeetsController#index as HTML
  Rendering tweeets/index.html.erb within layouts/application
  [1m[36mTweeet Load (0.1ms)[0m  [1m[34mSELECT "tweeets".* FROM "tweeets" ORDER BY created_at DESC[0m
  ↳ app/views/tweeets/_feed.html.erb:14
  Rendered tweeets/_feed.html.erb (1.8ms)
  Rendered tweeets/_who-to-follow.html.erb (0.4ms)
  Rendered tweeets/index.html.erb within layouts/application (6.2ms)
Completed 200 OK in 41ms (Views: 36.4ms | ActiveRecord: 0.1ms)


Started GET "/tweeets" for ::1 at 2019-06-10 21:20:49 +0200
Processing by TweeetsController#index as HTML
  Rendering tweeets/index.html.erb within layouts/application
  [1m[36mTweeet Load (0.2ms)[0m  [1m[34mSELECT "tweeets".* FROM "tweeets" ORDER BY created_at DESC[0m
  ↳ app/views/tweeets/_feed.html.erb:14
  Rendered tweeets/_feed.html.erb (2.2ms)
  Rendered tweeets/_who-to-follow.html.erb (0.3ms)
  Rendered tweeets/index.html.erb within layouts/application (7.0ms)
Completed 200 OK in 40ms (Views: 34.4ms | ActiveRecord: 0.2ms)


Started GET "/tweeets" for ::1 at 2019-06-10 21:26:31 +0200
Processing by TweeetsController#index as HTML
  Rendering tweeets/index.html.erb within layouts/application
  Rendered tweeets/_trends.html.erb (0.4ms)
  [1m[36mTweeet Load (0.2ms)[0m  [1m[34mSELECT "tweeets".* FROM "tweeets" ORDER BY created_at DESC[0m
  ↳ app/views/tweeets/_feed.html.erb:14
  Rendered tweeets/_feed.html.erb (2.5ms)
  Rendered tweeets/_who-to-follow.html.erb (0.5ms)
  Rendered tweeets/index.html.erb within layouts/application (14.2ms)
Completed 200 OK in 53ms (Views: 49.4ms | ActiveRecord: 0.2ms)


Started DELETE "/tweeets/1" for ::1 at 2019-06-10 21:26:44 +0200
Processing by TweeetsController#destroy as HTML
  Parameters: {"authenticity_token"=>"U5HdqhXXZl0+Hx+rlRSKMcDHSwZ+ryTls93x8BRk6ipuT/94lr1XRI278/5rq692NYiWMP1LDuYrcT9mfuIY7A==", "id"=>"1"}
  [1m[36mTweeet Load (0.2ms)[0m  [1m[34mSELECT  "tweeets".* FROM "tweeets" WHERE "tweeets"."id" = ? LIMIT ?[0m  [["id", 1], ["LIMIT", 1]]
  ↳ app/controllers/tweeets_controller.rb:67
  [1m[35m (0.1ms)[0m  [1m[36mbegin transaction[0m
  ↳ app/controllers/tweeets_controller.rb:57
  [1m[36mTweeet Destroy (3.2ms)[0m  [1m[31mDELETE FROM "tweeets" WHERE "tweeets"."id" = ?[0m  [["id", 1]]
  ↳ app/controllers/tweeets_controller.rb:57
  [1m[35m (1.1ms)[0m  [1m[36mcommit transaction[0m
  ↳ app/controllers/tweeets_controller.rb:57
Redirected to http://localhost:3000/tweeets
Completed 302 Found in 11ms (ActiveRecord: 4.6ms)


Started GET "/tweeets" for ::1 at 2019-06-10 21:26:44 +0200
Processing by TweeetsController#index as HTML
  Rendering tweeets/index.html.erb within layouts/application
  Rendered tweeets/_trends.html.erb (0.2ms)
  [1m[36mTweeet Load (0.2ms)[0m  [1m[34mSELECT "tweeets".* FROM "tweeets" ORDER BY created_at DESC[0m
  ↳ app/views/tweeets/_feed.html.erb:14
  Rendered tweeets/_feed.html.erb (1.7ms)
  Rendered tweeets/_who-to-follow.html.erb (0.6ms)
  Rendered tweeets/index.html.erb within layouts/application (8.1ms)
Completed 200 OK in 44ms (Views: 42.1ms | ActiveRecord: 0.2ms)


Started GET "/tweeets" for ::1 at 2019-06-10 21:32:55 +0200
Processing by TweeetsController#index as HTML
  Rendering tweeets/index.html.erb within layouts/application
  Rendered tweeets/_trends.html.erb (0.3ms)
  Rendered tweeets/_form.html.erb (133.1ms)
  Rendered tweeets/_feed.html.erb (136.6ms)
  Rendered tweeets/index.html.erb within layouts/application (142.3ms)
Completed 500 Internal Server Error in 152ms (ActiveRecord: 0.0ms)



NoMethodError - undefined method `model_name' for nil:NilClass:
  app/views/tweeets/_form.html.erb:1:in `_app_views_tweeets__form_html_erb___952073269987490092_70278783544160'
  app/views/tweeets/_feed.html.erb:9:in `_app_views_tweeets__feed_html_erb___3458265148679213621_70278783656420'
  app/views/tweeets/index.html.erb:5:in `_app_views_tweeets_index_html_erb___2202081754444033051_70278808864780'

Started POST "/__better_errors/db9a21ad951d533d/variables" for ::1 at 2019-06-10 21:32:55 +0200
  [1m[36mTweeet Load (2.0ms)[0m  [1m[34mSELECT  "tweeets".* FROM "tweeets" ORDER BY created_at DESC LIMIT ?[0m  [["LIMIT", 11]]
  ↳ /Users/Azzouza/.rbenv/versions/2.4.3/lib/ruby/gems/2.4.0/gems/activerecord-5.2.3/lib/active_record/log_subscriber.rb:98
Started GET "/tweeets" for ::1 at 2019-06-10 21:33:26 +0200
Processing by TweeetsController#index as HTML
  Rendering tweeets/index.html.erb within layouts/application
  Rendered tweeets/_trends.html.erb (0.2ms)
  [1m[36mTweeet Load (0.2ms)[0m  [1m[34mSELECT  "tweeets".* FROM "tweeets" ORDER BY created_at DESC LIMIT ?[0m  [["LIMIT", 11]]
  ↳ app/views/tweeets/_feed.html.erb:9
  [1m[36mCACHE Tweeet Load (0.0ms)[0m  [1m[34mSELECT  "tweeets".* FROM "tweeets" ORDER BY created_at DESC LIMIT ?[0m  [["LIMIT", 11]]
  ↳ app/views/tweeets/_feed.html.erb:9
  [1m[36mCACHE Tweeet Load (0.0ms)[0m  [1m[34mSELECT  "tweeets".* FROM "tweeets" ORDER BY created_at DESC LIMIT ?[0m  [["LIMIT", 11]]
  ↳ app/views/tweeets/_feed.html.erb:9
  [1m[36mCACHE Tweeet Load (0.0ms)[0m  [1m[34mSELECT  "tweeets".* FROM "tweeets" ORDER BY created_at DESC LIMIT ?[0m  [["LIMIT", 11]]
  ↳ app/views/tweeets/_feed.html.erb:9
  [1m[36mCACHE Tweeet Load (0.0ms)[0m  [1m[34mSELECT  "tweeets".* FROM "tweeets" ORDER BY created_at DESC LIMIT ?[0m  [["LIMIT", 11]]
  ↳ app/views/tweeets/_feed.html.erb:9
  [1m[36mCACHE Tweeet Load (0.0ms)[0m  [1m[34mSELECT  "tweeets".* FROM "tweeets" ORDER BY created_at DESC LIMIT ?[0m  [["LIMIT", 11]]
  ↳ app/views/tweeets/_feed.html.erb:9
  [1m[36mCACHE Tweeet Load (0.0ms)[0m  [1m[34mSELECT  "tweeets".* FROM "tweeets" ORDER BY created_at DESC LIMIT ?[0m  [["LIMIT", 11]]
  ↳ app/views/tweeets/_feed.html.erb:9
  [1m[36mCACHE Tweeet Load (0.0ms)[0m  [1m[34mSELECT  "tweeets".* FROM "tweeets" ORDER BY created_at DESC LIMIT ?[0m  [["LIMIT", 11]]
  ↳ app/views/tweeets/_feed.html.erb:9
  [1m[36mCACHE Tweeet Load (0.0ms)[0m  [1m[34mSELECT  "tweeets".* FROM "tweeets" ORDER BY created_at DESC LIMIT ?[0m  [["LIMIT", 11]]
  ↳ app/views/tweeets/_feed.html.erb:9
  [1m[36mCACHE Tweeet Load (0.0ms)[0m  [1m[34mSELECT  "tweeets".* FROM "tweeets" ORDER BY created_at DESC LIMIT ?[0m  [["LIMIT", 11]]
  ↳ app/views/tweeets/_feed.html.erb:9
  Rendered tweeets/_form.html.erb (206.8ms)
  Rendered tweeets/_feed.html.erb (210.6ms)
  Rendered tweeets/index.html.erb within layouts/application (215.1ms)
Completed 500 Internal Server Error in 232ms (ActiveRecord: 1.1ms)


  [1m[36mCACHE Tweeet Load (0.0ms)[0m  [1m[34mSELECT  "tweeets".* FROM "tweeets" ORDER BY created_at DESC LIMIT ?[0m  [["LIMIT", 11]]
  ↳ /Users/Azzouza/.rbenv/versions/2.4.3/lib/ruby/gems/2.4.0/gems/activerecord-5.2.3/lib/active_record/log_subscriber.rb:98
  [1m[36mCACHE Tweeet Load (0.0ms)[0m  [1m[34mSELECT  "tweeets".* FROM "tweeets" ORDER BY created_at DESC LIMIT ?[0m  [["LIMIT", 11]]
  ↳ /Users/Azzouza/.rbenv/versions/2.4.3/lib/ruby/gems/2.4.0/gems/activerecord-5.2.3/lib/active_record/log_subscriber.rb:98
  [1m[36mCACHE Tweeet Load (0.0ms)[0m  [1m[34mSELECT  "tweeets".* FROM "tweeets" ORDER BY created_at DESC LIMIT ?[0m  [["LIMIT", 11]]
  ↳ /Users/Azzouza/.rbenv/versions/2.4.3/lib/ruby/gems/2.4.0/gems/activerecord-5.2.3/lib/active_record/log_subscriber.rb:98
  [1m[36mCACHE Tweeet Load (0.0ms)[0m  [1m[34mSELECT  "tweeets".* FROM "tweeets" ORDER BY created_at DESC LIMIT ?[0m  [["LIMIT", 11]]
  ↳ /Users/Azzouza/.rbenv/versions/2.4.3/lib/ruby/gems/2.4.0/gems/activerecord-5.2.3/lib/active_record/log_subscriber.rb:98
  [1m[36mCACHE Tweeet Load (0.0ms)[0m  [1m[34mSELECT  "tweeets".* FROM "tweeets" ORDER BY created_at DESC LIMIT ?[0m  [["LIMIT", 11]]
  ↳ /Users/Azzouza/.rbenv/versions/2.4.3/lib/ruby/gems/2.4.0/gems/activerecord-5.2.3/lib/active_record/log_subscriber.rb:98
  [1m[36mCACHE Tweeet Load (0.0ms)[0m  [1m[34mSELECT  "tweeets".* FROM "tweeets" ORDER BY created_at DESC LIMIT ?[0m  [["LIMIT", 11]]
  ↳ /Users/Azzouza/.rbenv/versions/2.4.3/lib/ruby/gems/2.4.0/gems/activerecord-5.2.3/lib/active_record/log_subscriber.rb:98
  [1m[36mCACHE Tweeet Load (0.0ms)[0m  [1m[34mSELECT  "tweeets".* FROM "tweeets" ORDER BY created_at DESC LIMIT ?[0m  [["LIMIT", 11]]
  ↳ /Users/Azzouza/.rbenv/versions/2.4.3/lib/ruby/gems/2.4.0/gems/activerecord-5.2.3/lib/active_record/log_subscriber.rb:98
  [1m[36mCACHE Tweeet Load (0.1ms)[0m  [1m[34mSELECT  "tweeets".* FROM "tweeets" ORDER BY created_at DESC LIMIT ?[0m  [["LIMIT", 11]]
  ↳ /Users/Azzouza/.rbenv/versions/2.4.3/lib/ruby/gems/2.4.0/gems/activerecord-5.2.3/lib/active_record/log_subscriber.rb:98
  [1m[36mCACHE Tweeet Load (0.0ms)[0m  [1m[34mSELECT  "tweeets".* FROM "tweeets" ORDER BY created_at DESC LIMIT ?[0m  [["LIMIT", 11]]
  ↳ /Users/Azzouza/.rbenv/versions/2.4.3/lib/ruby/gems/2.4.0/gems/activerecord-5.2.3/lib/active_record/log_subscriber.rb:98
  [1m[36mCACHE Tweeet Load (0.0ms)[0m  [1m[34mSELECT  "tweeets".* FROM "tweeets" ORDER BY created_at DESC LIMIT ?[0m  [["LIMIT", 11]]
  ↳ /Users/Azzouza/.rbenv/versions/2.4.3/lib/ruby/gems/2.4.0/gems/activerecord-5.2.3/lib/active_record/log_subscriber.rb:98

NoMethodError - undefined method `error_notifications' for #<SimpleForm::FormBuilder:0x00007fd61891de08>
Did you mean?  error_notification:
  app/views/tweeets/_form.html.erb:2:in `block in _app_views_tweeets__form_html_erb___952073269987490092_70278760804120'
  app/views/tweeets/_form.html.erb:1:in `_app_views_tweeets__form_html_erb___952073269987490092_70278760804120'
  app/views/tweeets/_feed.html.erb:9:in `_app_views_tweeets__feed_html_erb___3458265148679213621_70278750572980'
  app/views/tweeets/index.html.erb:5:in `_app_views_tweeets_index_html_erb___2202081754444033051_70278750439000'

Started POST "/__better_errors/d29a73cea1c513d7/variables" for ::1 at 2019-06-10 21:33:26 +0200
  [1m[36mTweeet Load (0.3ms)[0m  [1m[34mSELECT  "tweeets".* FROM "tweeets" ORDER BY created_at DESC LIMIT ?[0m  [["LIMIT", 11]]
  ↳ /Users/Azzouza/.rbenv/versions/2.4.3/lib/ruby/gems/2.4.0/gems/activerecord-5.2.3/lib/active_record/log_subscriber.rb:98
  [1m[36mCACHE Tweeet Load (0.0ms)[0m  [1m[34mSELECT  "tweeets".* FROM "tweeets" ORDER BY created_at DESC LIMIT ?[0m  [["LIMIT", 11]]
  ↳ /Users/Azzouza/.rbenv/versions/2.4.3/lib/ruby/gems/2.4.0/gems/activerecord-5.2.3/lib/active_record/log_subscriber.rb:98
  [1m[36mCACHE Tweeet Load (0.0ms)[0m  [1m[34mSELECT  "tweeets".* FROM "tweeets" ORDER BY created_at DESC LIMIT ?[0m  [["LIMIT", 11]]
  ↳ /Users/Azzouza/.rbenv/versions/2.4.3/lib/ruby/gems/2.4.0/gems/activerecord-5.2.3/lib/active_record/log_subscriber.rb:98
  [1m[36mCACHE Tweeet Load (0.1ms)[0m  [1m[34mSELECT  "tweeets".* FROM "tweeets" ORDER BY created_at DESC LIMIT ?[0m  [["LIMIT", 11]]
  ↳ /Users/Azzouza/.rbenv/versions/2.4.3/lib/ruby/gems/2.4.0/gems/activerecord-5.2.3/lib/active_record/log_subscriber.rb:98
  [1m[36mCACHE Tweeet Load (0.0ms)[0m  [1m[34mSELECT  "tweeets".* FROM "tweeets" ORDER BY created_at DESC LIMIT ?[0m  [["LIMIT", 11]]
  ↳ /Users/Azzouza/.rbenv/versions/2.4.3/lib/ruby/gems/2.4.0/gems/activerecord-5.2.3/lib/active_record/log_subscriber.rb:98
  [1m[36mCACHE Tweeet Load (0.0ms)[0m  [1m[34mSELECT  "tweeets".* FROM "tweeets" ORDER BY created_at DESC LIMIT ?[0m  [["LIMIT", 11]]
  ↳ /Users/Azzouza/.rbenv/versions/2.4.3/lib/ruby/gems/2.4.0/gems/activerecord-5.2.3/lib/active_record/log_subscriber.rb:98
  [1m[36mCACHE Tweeet Load (0.0ms)[0m  [1m[34mSELECT  "tweeets".* FROM "tweeets" ORDER BY created_at DESC LIMIT ?[0m  [["LIMIT", 11]]
  ↳ /Users/Azzouza/.rbenv/versions/2.4.3/lib/ruby/gems/2.4.0/gems/activerecord-5.2.3/lib/active_record/log_subscriber.rb:98
Started GET "/tweeets" for ::1 at 2019-06-10 21:33:43 +0200
Processing by TweeetsController#index as HTML
  Rendering tweeets/index.html.erb within layouts/application
  Rendered tweeets/_trends.html.erb (0.2ms)
  Rendered tweeets/_form.html.erb (11.2ms)
  [1m[36mTweeet Load (0.2ms)[0m  [1m[34mSELECT "tweeets".* FROM "tweeets" ORDER BY created_at DESC[0m
  ↳ app/views/tweeets/_feed.html.erb:14
  Rendered tweeets/_feed.html.erb (14.1ms)
  Rendered tweeets/_who-to-follow.html.erb (0.4ms)
  Rendered tweeets/index.html.erb within layouts/application (20.5ms)
Completed 200 OK in 66ms (Views: 61.9ms | ActiveRecord: 0.2ms)


Started GET "/tweeets" for ::1 at 2019-06-10 21:34:10 +0200
Processing by TweeetsController#index as HTML
  Rendering tweeets/index.html.erb within layouts/application
  Rendered tweeets/_trends.html.erb (0.2ms)
  Rendered tweeets/_form.html.erb (5.0ms)
  [1m[36mTweeet Load (0.1ms)[0m  [1m[34mSELECT "tweeets".* FROM "tweeets" ORDER BY created_at DESC[0m
  ↳ app/views/tweeets/_feed.html.erb:14
  Rendered tweeets/_feed.html.erb (8.1ms)
  Rendered tweeets/_who-to-follow.html.erb (0.3ms)
  Rendered tweeets/index.html.erb within layouts/application (13.6ms)
Completed 200 OK in 41ms (Views: 37.6ms | ActiveRecord: 0.1ms)


Started GET "/tweeets" for ::1 at 2019-06-10 21:35:16 +0200
Processing by TweeetsController#index as HTML
  Rendering tweeets/index.html.erb within layouts/application
  Rendered tweeets/_trends.html.erb (0.2ms)
  Rendered tweeets/_form.html.erb (3.7ms)
  [1m[36mTweeet Load (0.5ms)[0m  [1m[34mSELECT "tweeets".* FROM "tweeets" ORDER BY created_at DESC[0m
  ↳ app/views/tweeets/_feed.html.erb:13
  Rendered tweeets/_feed.html.erb (8.0ms)
  Rendered tweeets/_who-to-follow.html.erb (0.4ms)
  Rendered tweeets/index.html.erb within layouts/application (14.6ms)
Completed 200 OK in 43ms (Views: 38.1ms | ActiveRecord: 0.5ms)


Started POST "/tweeets" for ::1 at 2019-06-10 21:35:32 +0200
Processing by TweeetsController#create as HTML
  Parameters: {"utf8"=>"✓", "authenticity_token"=>"YliX1xeyjwkr3bI/0S+3XmfnbKyWtm7qm7tabVJDB8FfhrUFlNi+EJh5XmovkJIZkqixmhVSROkDF5T7OMX1Bw==", "tweeet"=>{"tweeet"=>"Very nice"}, "commit"=>"Create Tweeet"}
  [1m[35m (0.1ms)[0m  [1m[36mbegin transaction[0m
  ↳ app/controllers/tweeets_controller.rb:31
  [1m[36mTweeet Create (1.8ms)[0m  [1m[32mINSERT INTO "tweeets" ("tweeet", "created_at", "updated_at") VALUES (?, ?, ?)[0m  [["tweeet", "Very nice"], ["created_at", "2019-06-10 19:35:33.000148"], ["updated_at", "2019-06-10 19:35:33.000148"]]
  ↳ app/controllers/tweeets_controller.rb:31
  [1m[35m (1.8ms)[0m  [1m[36mcommit transaction[0m
  ↳ app/controllers/tweeets_controller.rb:31
Redirected to http://localhost:3000/tweeets/3
Completed 302 Found in 11ms (ActiveRecord: 3.7ms)


Started GET "/tweeets/3" for ::1 at 2019-06-10 21:35:33 +0200
Processing by TweeetsController#show as HTML
  Parameters: {"id"=>"3"}
  [1m[36mTweeet Load (0.2ms)[0m  [1m[34mSELECT  "tweeets".* FROM "tweeets" WHERE "tweeets"."id" = ? LIMIT ?[0m  [["id", 3], ["LIMIT", 1]]
  ↳ app/controllers/tweeets_controller.rb:68
  Rendering tweeets/show.html.erb within layouts/application
  Rendered tweeets/show.html.erb within layouts/application (1.7ms)
Completed 200 OK in 42ms (Views: 33.9ms | ActiveRecord: 0.2ms)


Started GET "/tweeets" for ::1 at 2019-06-10 21:35:34 +0200
Processing by TweeetsController#index as HTML
  Rendering tweeets/index.html.erb within layouts/application
  Rendered tweeets/_trends.html.erb (1.2ms)
  Rendered tweeets/_form.html.erb (2.5ms)
  [1m[36mTweeet Load (0.1ms)[0m  [1m[34mSELECT "tweeets".* FROM "tweeets" ORDER BY created_at DESC[0m
  ↳ app/views/tweeets/_feed.html.erb:13
  Rendered tweeets/_feed.html.erb (5.5ms)
  Rendered tweeets/_who-to-follow.html.erb (0.5ms)
  Rendered tweeets/index.html.erb within layouts/application (15.2ms)
Completed 200 OK in 46ms (Views: 40.0ms | ActiveRecord: 0.1ms)


